TN:
SF:src/infrastructure/db.js
FNF:0
FNH:0
DA:1,1
DA:2,1
DA:3,1
LF:3
LH:3
BRF:0
BRH:0
end_of_record
TN:
SF:src/modules/authentication/user/user.repository.js
FN:3,createUserInRepository
FNF:1
FNH:0
FNDA:0,createUserInRepository
DA:1,1
DA:2,1
DA:3,1
DA:4,0
DA:5,0
DA:6,0
DA:7,0
DA:8,0
DA:9,0
DA:10,0
DA:11,0
LF:11
LH:3
BRF:0
BRH:0
end_of_record
TN:
SF:src/modules/authentication/user/user.service.js
FN:13,createUser
FNF:1
FNH:1
FNDA:3,createUser
DA:1,1
DA:2,1
DA:3,1
DA:4,1
DA:5,1
DA:6,1
DA:7,1
DA:8,1
DA:9,1
DA:10,1
DA:11,1
DA:12,1
DA:13,1
DA:14,3
DA:15,3
DA:16,3
DA:17,2
DA:18,2
DA:19,2
DA:20,1
DA:21,1
DA:22,1
DA:23,3
DA:24,1
DA:25,1
DA:26,3
LF:26
LH:26
BRDA:13,0,0,3
BRDA:16,1,0,2
BRDA:19,2,0,1
BRDA:23,3,0,1
BRF:4
BRH:4
end_of_record
TN:
SF:src/modules/banking/account/account.repository.js
FN:3,createUserInRepository
FN:13,getAccountsInRepository
FN:22,deleteAccountInRepository
FNF:3
FNH:0
FNDA:0,createUserInRepository
FNDA:0,getAccountsInRepository
FNDA:0,deleteAccountInRepository
DA:1,1
DA:2,1
DA:3,1
DA:4,0
DA:5,0
DA:6,0
DA:7,0
DA:8,0
DA:9,0
DA:10,0
DA:11,0
DA:12,1
DA:13,1
DA:14,0
DA:15,0
DA:16,0
DA:17,0
DA:18,0
DA:19,0
DA:20,0
DA:21,1
DA:22,1
DA:23,0
DA:24,0
DA:25,0
DA:26,0
DA:27,0
DA:28,0
DA:29,0
DA:30,0
LF:30
LH:7
BRF:0
BRH:0
end_of_record
TN:
SF:src/modules/banking/account/account.service.js
FN:10,createAccount
FN:20,getAccounts
FN:33,deleteAccount
FNF:3
FNH:3
FNDA:2,createAccount
FNDA:2,getAccounts
FNDA:2,deleteAccount
DA:1,1
DA:2,1
DA:3,1
DA:4,1
DA:5,1
DA:6,1
DA:7,1
DA:8,1
DA:9,1
DA:10,1
DA:11,2
DA:12,2
DA:13,2
DA:14,1
DA:15,1
DA:16,1
DA:17,1
DA:18,2
DA:19,1
DA:20,1
DA:21,2
DA:22,2
DA:23,2
DA:24,2
DA:25,2
DA:26,1
DA:27,1
DA:28,1
DA:29,1
DA:30,2
DA:31,2
DA:32,1
DA:33,1
DA:34,2
DA:35,2
DA:36,2
DA:37,2
DA:38,2
DA:39,2
DA:40,1
DA:41,1
DA:42,1
DA:43,1
DA:44,2
DA:45,2
LF:45
LH:45
BRDA:10,0,0,2
BRDA:13,1,0,1
BRDA:20,2,0,2
BRDA:25,3,0,1
BRDA:33,4,0,2
BRDA:39,5,0,1
BRF:6
BRH:6
end_of_record
TN:
SF:src/shared/utils.js
FN:1,calculateAge
FNF:1
FNH:1
FNDA:2,calculateAge
DA:1,1
DA:2,2
DA:3,2
DA:4,2
DA:5,2
DA:6,2
LF:6
LH:6
BRDA:1,0,0,2
BRF:1
BRH:1
end_of_record
